This file contains any messages produced by compilers while
running configure, to aid debugging if configure makes a mistake.

configure:556: checking for Cygwin environment
configure:589: checking for mingw32 environment
configure:666: checking host system type
configure:687: checking target system type
configure:705: checking build system type
configure:730: checking for gcc
configure:843: checking whether the C compiler (gcc -O2 ) works
configure:859: gcc -o conftest -O2   conftest.c  1>&5
configure:885: checking whether the C compiler (gcc -O2 ) is a cross-compiler
configure:890: checking whether we are using GNU C
configure:918: checking whether gcc accepts -g
configure:950: checking for POSIXized ISC
configure:983: checking for a BSD compatible install
configure:1036: checking whether build environment is sane
configure:1093: checking whether make sets ${MAKE}
configure:1139: checking for working aclocal
configure:1152: checking for working autoconf
configure:1165: checking for working automake
configure:1178: checking for working autoheader
configure:1191: checking for working makeinfo
configure:1227: checking for ar
configure:1259: checking for ranlib
configure:1406: checking for ld used by GCC
configure:1474: checking if the linker (/usr/bin/ld) is GNU ld
configure:1491: checking for /usr/bin/ld option to reload object files
configure:1503: checking for BSD-compatible nm
configure:1541: checking whether ln -s works
configure:1562: checking how to recognise dependant libraries
configure:1735: checking for object suffix
configure:1761: checking for executable suffix
configure:1931: checking for ranlib
configure:1998: checking for strip
ltconfig:678:checking for gcc option to produce PIC
ltconfig:687:checking that gcc PIC flag  -fPIC -DPIC works.
ltconfig:749: checking if gcc static flag -static works
ltconfig:780: finding the maximum length of command line arguments
ltconfig:@lineno@: result: 49153
ltconfig:887: checking if gcc supports -fno-rtti -fno-exceptions
ltconfig:888: gcc -c -O2 -fno-rtti -fno-exceptions -c conftest.c  conftest.c 1>&5
ltconfig:1431: checking if global_symbol_pipe works
ltconfig:1432: gcc -c -O2  conftest.c 1>&5
ltconfig:1435: eval "/usr/bin/nm -B conftest.o | sed -n -e 's/^.*[ 	]\([ABCDGISTW][ABCDGISTW]*\)[ 	][ 	]*\(\)\([_A-Za-z][_A-Za-z0-9]*\)$/\1 \2\3 \3/p' > conftest.nm"
ltconfig:1487: gcc -o conftest -O2 -fno-builtin -fno-rtti -fno-exceptions   conftest.c conftstm.o 1>&5
configure:2345: checking whether to enable maintainer-specific portions of Makefiles
configure:2368: checking whether to install libbfd
configure:2405: checking for executable suffix
configure:2445: checking for gcc
configure:2558: checking whether the C compiler (gcc -O2 ) works
configure:2574: gcc -o conftest -O2   conftest.c  1>&5
configure:2600: checking whether the C compiler (gcc -O2 ) is a cross-compiler
configure:2605: checking whether we are using GNU C
configure:2633: checking whether gcc accepts -g
configure:2667: checking how to run the C preprocessor
configure:2749: checking for ranlib
configure:2777: checking for ANSI C header files
configure:2881: checking for working const
configure:2956: checking for inline
configure:2996: checking for off_t
configure:3029: checking for size_t
configure:3064: checking for working alloca.h
configure:3097: checking for alloca
configure:3299: checking for unistd.h
configure:3338: checking for getpagesize
configure:3391: checking for working mmap
configure:3567: checking for argz.h
configure:3567: checking for limits.h
configure:3567: checking for locale.h
configure:3567: checking for nl_types.h
configure:3567: checking for malloc.h
configure:3567: checking for string.h
configure:3567: checking for unistd.h
configure:3567: checking for values.h
configure:3567: checking for sys/param.h
configure:3607: checking for getcwd
configure:3607: checking for munmap
configure:3607: checking for putenv
configure:3607: checking for setenv
configure:3607: checking for setlocale
configure:3607: checking for strchr
configure:3607: checking for strcasecmp
configure:3607: checking for __argz_count
configure:3607: checking for __argz_stringify
configure:3607: checking for __argz_next
configure:3726: checking for LC_MESSAGES
configure:3759: checking whether NLS is requested
configure:3779: checking whether included gettext is requested
configure:3798: checking for libintl.h
configure:3825: checking for gettext in libc
configure:3928: checking for msgfmt
configure:3962: checking for dcgettext
configure:4017: checking for gmsgfmt
configure:4053: checking for xgettext
configure:4093: gcc -o conftest -O2   conftest.c  1>&5
configure:4285: checking for catalogs to be installed
configure:4401: checking for a BSD compatible install
configure:4512: checking for stddef.h
configure:4512: checking for string.h
configure:4512: checking for strings.h
configure:4512: checking for stdlib.h
configure:4512: checking for time.h
configure:4512: checking for unistd.h
configure:4552: checking for fcntl.h
configure:4552: checking for sys/file.h
configure:4552: checking for sys/time.h
configure:4589: checking whether time.h and sys/time.h may both be included
configure:4628: checking for dirent.h that defines DIR
configure:4666: checking for opendir in -ldir
configure:4751: checking for fcntl
configure:4751: checking for getpagesize
configure:4751: checking for setitimer
configure:4751: checking for sysconf
configure:4751: checking for fdopen
configure:4751: checking for getuid
configure:4751: checking for getgid
configure:4814: checking whether strstr must be declared
configure:4861: checking whether malloc must be declared
configure:4908: checking whether realloc must be declared
configure:4955: checking whether free must be declared
configure:5002: checking whether getenv must be declared
configure:6361: checking for unistd.h
configure:6400: checking for getpagesize
configure:6453: checking for working mmap
configure:6626: checking for madvise
configure:6626: checking for mprotect
