This file contains any messages produced by compilers while
running configure, to aid debugging if configure makes a mistake.

configure:550: checking for Cygwin environment
configure:583: checking for mingw32 environment
configure:660: checking host system type
configure:681: checking target system type
configure:699: checking build system type
configure:724: checking for gcc
configure:837: checking whether the C compiler (gcc -O2 ) works
configure:853: gcc -o conftest -O2   conftest.c  1>&5
configure:879: checking whether the C compiler (gcc -O2 ) is a cross-compiler
configure:884: checking whether we are using GNU C
configure:912: checking whether gcc accepts -g
configure:944: checking for POSIXized ISC
configure:978: checking for a BSD compatible install
configure:1031: checking whether build environment is sane
configure:1088: checking whether make sets ${MAKE}
configure:1134: checking for working aclocal
configure:1147: checking for working autoconf
configure:1160: checking for working automake
configure:1173: checking for working autoheader
configure:1186: checking for working makeinfo
configure:1281: checking for ld used by GCC
configure:1349: checking if the linker (/usr/bin/ld) is GNU ld
configure:1366: checking for /usr/bin/ld option to reload object files
configure:1378: checking for BSD-compatible nm
configure:1416: checking whether ln -s works
configure:1437: checking how to recognise dependant libraries
configure:1610: checking for object suffix
configure:1636: checking for executable suffix
configure:1812: checking for ranlib
configure:1879: checking for strip
ltconfig:678:checking for gcc option to produce PIC
ltconfig:687:checking that gcc PIC flag  -fPIC -DPIC works.
ltconfig:749: checking if gcc static flag -static works
ltconfig:780: finding the maximum length of command line arguments
ltconfig:@lineno@: result: 49153
ltconfig:887: checking if gcc supports -fno-rtti -fno-exceptions
ltconfig:888: gcc -c -O2 -fno-rtti -fno-exceptions -c conftest.c  conftest.c 1>&5
ltconfig:1431: checking if global_symbol_pipe works
ltconfig:1432: gcc -c -O2  conftest.c 1>&5
ltconfig:1435: eval "/usr/bin/nm -B conftest.o | sed -n -e 's/^.*[ 	]\([ABCDGISTW][ABCDGISTW]*\)[ 	][ 	]*\(\)\([_A-Za-z][_A-Za-z0-9]*\)$/\1 \2\3 \3/p' > conftest.nm"
ltconfig:1487: gcc -o conftest -O2 -fno-builtin -fno-rtti -fno-exceptions   conftest.c conftstm.o 1>&5
configure:2209: checking for gcc
configure:2322: checking whether the C compiler (gcc -O2 ) works
configure:2338: gcc -o conftest -O2   conftest.c  1>&5
configure:2364: checking whether the C compiler (gcc -O2 ) is a cross-compiler
configure:2369: checking whether we are using GNU C
configure:2397: checking whether gcc accepts -g
configure:2434: checking for bison
configure:2465: checking how to run the C preprocessor
configure:2550: checking for flex
configure:2583: checking for flex
configure:2617: checking for yywrap in -lfl
configure:2659: checking lex output file root
configure:2680: checking whether yytext is a pointer
configure:2725: checking for ranlib
configure:2753: checking for ANSI C header files
configure:2857: checking for working const
configure:2932: checking for inline
configure:2972: checking for off_t
configure:3005: checking for size_t
configure:3040: checking for working alloca.h
configure:3073: checking for alloca
configure:3275: checking for stdlib.h
configure:3275: checking for unistd.h
configure:3275: checking for sys/stat.h
configure:3275: checking for sys/types.h
configure:3314: checking for getpagesize
configure:3367: checking for working mmap
configure:3556: checking for argz.h
configure:3556: checking for limits.h
configure:3556: checking for locale.h
configure:3556: checking for nl_types.h
configure:3556: checking for malloc.h
configure:3556: checking for string.h
configure:3556: checking for unistd.h
configure:3556: checking for values.h
configure:3556: checking for sys/param.h
configure:3596: checking for getcwd
configure:3596: checking for munmap
configure:3596: checking for putenv
configure:3596: checking for setenv
configure:3596: checking for setlocale
configure:3596: checking for strchr
configure:3596: checking for strcasecmp
configure:3596: checking for __argz_count
configure:3596: checking for __argz_stringify
configure:3596: checking for __argz_next
configure:3715: checking for LC_MESSAGES
configure:3748: checking whether NLS is requested
configure:3768: checking whether included gettext is requested
configure:3787: checking for libintl.h
configure:3814: checking for gettext in libc
configure:3917: checking for msgfmt
configure:3951: checking for dcgettext
configure:4006: checking for gmsgfmt
configure:4042: checking for xgettext
configure:4082: gcc -o conftest -O2   conftest.c  1>&5
configure:4274: checking for catalogs to be installed
configure:4375: checking whether to enable maintainer-specific portions of Makefiles
configure:4400: checking for executable suffix
configure:4453: checking for ranlib
configure:4492: checking for a BSD compatible install
configure:4594: checking for string.h
configure:4594: checking for strings.h
configure:4594: checking for stdlib.h
configure:4594: checking for unistd.h
configure:4594: checking for fcntl.h
configure:4594: checking for sys/file.h
configure:4631: checking for sys/wait.h that is POSIX.1 compatible
configure:4675: checking for working alloca.h
configure:4708: checking for alloca
configure:4909: checking for sbrk
configure:4909: checking for utimes
configure:4909: checking for setmode
configure:4909: checking for getc_unlocked
configure:4909: checking for strcoll
configure:4965: checking for fopen64
configure:5026: checking for library containing frexp
configure:5088: checking for time_t in time.h
configure:5121: checking for time_t in sys/types.h
configure:5156: checking for utime.h
configure:5193: checking whether fprintf must be declared
configure:5240: checking whether strstr must be declared
configure:5287: checking whether sbrk must be declared
configure:5334: checking whether getenv must be declared
configure:5381: checking whether environ must be declared
