This file contains any messages produced by compilers while
running configure, to aid debugging if configure makes a mistake.

configure:609: checking whether to enable maintainer-specific portions of Makefiles
configure:634: checking for makeinfo
configure:680: checking for perl
configure:720: checking host system type
configure:743: checking build system type
configure:769: checking for ar
configure:801: checking for ranlib
configure:870: checking for gcc
configure:949: checking whether we are using GNU C
configure:974: checking whether gcc accepts -g
configure:1006: checking whether gcc and cc understand -c and -o together
configure:1066: checking for POSIXized ISC
configure:1087: checking for working const
configure:1162: checking for inline
configure:1219: checking for a BSD compatible install
configure:1280: checking how to run the C preprocessor
configure:1363: checking for sys/file.h
configure:1363: checking for sys/param.h
configure:1363: checking for limits.h
configure:1363: checking for stdlib.h
configure:1363: checking for string.h
configure:1363: checking for unistd.h
configure:1363: checking for strings.h
configure:1363: checking for sys/time.h
configure:1363: checking for time.h
configure:1363: checking for sys/resource.h
configure:1363: checking for sys/stat.h
configure:1363: checking for sys/mman.h
configure:1363: checking for fcntl.h
configure:1363: checking for alloca.h
configure:1400: checking for sys/wait.h that is POSIX.1 compatible
configure:1442: checking whether time.h and sys/time.h may both be included
configure:1478: checking whether errno must be declared
configure:1512: checking for ANSI C header files
configure:1616: checking for uintptr_t
configure:1658: checking for pid_t
configure:2336: checking whether the C compiler (gcc -O2 ) works
configure:2352: gcc -o conftest -O2   conftest.c  1>&5
configure:2378: checking whether the C compiler (gcc -O2 ) is a cross-compiler
configure:2385: checking for asprintf
configure:2385: checking for atexit
configure:2385: checking for basename
configure:2385: checking for bcmp
configure:2385: checking for bcopy
configure:2385: checking for bsearch
configure:2385: checking for bzero
configure:2385: checking for calloc
configure:2385: checking for clock
configure:2385: checking for ffs
configure:2385: checking for getcwd
configure:2385: checking for getpagesize
configure:2385: checking for index
configure:2385: checking for insque
configure:2385: checking for memchr
configure:2385: checking for memcmp
configure:2385: checking for memcpy
configure:2385: checking for memmove
configure:2385: checking for memset
configure:2385: checking for mkstemps
configure:2385: checking for putenv
configure:2385: checking for random
configure:2385: checking for rename
configure:2385: checking for rindex
configure:2385: checking for setenv
configure:2385: checking for sigsetmask
configure:2385: checking for strcasecmp
configure:2385: checking for strchr
configure:2385: checking for strdup
configure:2385: checking for strncasecmp
configure:2385: checking for strrchr
configure:2385: checking for strstr
configure:2385: checking for strtod
configure:2385: checking for strtol
configure:2385: checking for strtoul
configure:2385: checking for tmpnam
configure:2385: checking for vasprintf
configure:2385: checking for vfprintf
configure:2385: checking for vprintf
configure:2385: checking for vsprintf
configure:2385: checking for waitpid
configure:2440: checking whether alloca needs Cray hooks
configure:2524: checking stack direction for C alloca
configure:2573: checking for vfork.h
configure:2608: checking for working vfork
configure:2849: checking for _doprnt
configure:2905: checking for sys_errlist
configure:2905: checking for sys_nerr
configure:2905: checking for sys_siglist
configure:2943: checking for getrusage
configure:2943: checking for on_exit
configure:2943: checking for psignal
configure:2943: checking for strerror
configure:2943: checking for strsignal
configure:2943: checking for sysconf
configure:2943: checking for times
configure:2943: checking for sbrk
configure:2943: checking for gettimeofday
configure:3001: checking for stdlib.h
configure:3001: checking for unistd.h
configure:3001: checking for sys/stat.h
configure:3001: checking for sys/types.h
configure:3040: checking for getpagesize
configure:3093: checking for working mmap
configure:3278: checking for working strncmp
